2022-09-16 14:58:39 INFO  Log:19 - =====================================loginTest TEST START=========================================
2022-09-16 14:58:39 INFO  Log:30 - user is going to click on sign in
2022-09-16 14:58:43 INFO  Log:30 - enter username and password
2022-09-16 14:58:47 INFO  Log:30 - verify that user is able to login
2022-09-16 14:58:47 INFO  Log:30 - Login is successful
2022-09-16 14:58:47 INFO  Log:23 - =====================================LoginTest--end-- TEST END=========================================
2022-09-16 15:25:26 INFO  Log:19 - =====================================loginTest TEST START=========================================
2022-09-16 15:25:26 INFO  Log:30 - user is going to click on sign in
2022-09-16 15:25:45 INFO  Log:30 - enter username and password
2022-09-16 15:26:08 INFO  Log:30 - verify that user is able to login
2022-09-16 15:26:08 INFO  Log:30 - Login is successful
2022-09-16 15:26:08 INFO  Log:23 - =====================================LoginTest--end-- TEST END=========================================
2022-09-16 15:26:28 INFO  Log:19 - =====================================loginTest TEST START=========================================
2022-09-16 15:26:28 INFO  Log:30 - user is going to click on sign in
2022-09-16 15:26:37 INFO  Log:30 - enter username and password
2022-09-16 15:27:20 INFO  Log:19 - =====================================loginTest TEST START=========================================
2022-09-16 15:27:20 INFO  Log:30 - user is going to click on sign in
2022-09-16 15:27:26 INFO  Log:30 - enter username and password
2022-09-16 15:27:44 INFO  Log:30 - verify that user is able to login
2022-09-16 15:27:44 INFO  Log:30 - Login is successful
2022-09-16 15:27:44 INFO  Log:23 - =====================================LoginTest--end-- TEST END=========================================
2022-09-16 15:33:30 INFO  Log:19 - =====================================loginTest TEST START=========================================
2022-09-16 15:33:30 INFO  Log:30 - user is going to click on sign in
2022-09-16 15:33:50 INFO  Log:30 - enter username and password
2022-09-16 15:34:13 INFO  Log:30 - verify that user is able to login
2022-09-16 15:34:13 INFO  Log:30 - Login is successful
2022-09-16 15:34:13 INFO  Log:23 - =====================================LoginTest--end-- TEST END=========================================
2022-09-16 16:03:17 INFO  Log:19 - =====================================loginTest TEST START=========================================
2022-09-16 16:03:17 INFO  Log:30 - user is going to click on sign in
2022-09-16 16:03:32 INFO  Log:30 - enter username and password
2022-09-16 16:03:56 INFO  Log:30 - verify that user is able to login
2022-09-16 16:03:56 INFO  Log:30 - Login is successful
2022-09-16 16:03:56 INFO  Log:23 - =====================================LoginTest--end-- TEST END=========================================
2022-09-16 16:57:11 INFO  Log:19 - =====================================loginTest TEST START=========================================
2022-09-16 16:57:11 INFO  Log:30 - user is going to click on sign in
2022-09-16 16:57:15 INFO  Log:30 - enter username and password
2022-09-16 16:57:23 INFO  Log:30 - verify that user is able to login
2022-09-16 16:57:23 INFO  Log:30 - Login is successful
2022-09-16 16:57:23 INFO  Log:23 - =====================================LoginTest--end-- TEST END=========================================
2022-09-16 16:57:39 INFO  Log:19 - =====================================loginTest TEST START=========================================
2022-09-16 16:57:39 INFO  Log:30 - user is going to click on sign in
2022-09-16 16:57:39 INFO  Log:30 - enter username and password
2022-09-16 16:57:53 INFO  Log:30 - verify that user is able to login
2022-09-16 16:59:26 INFO  Log:19 - =====================================loginTest TEST START=========================================
2022-09-16 16:59:26 INFO  Log:30 - user is going to click on sign in
2022-09-16 16:59:33 INFO  Log:30 - enter username and password
2022-09-16 16:59:48 INFO  Log:30 - verify that user is able to login
2022-09-16 16:59:48 INFO  Log:30 - Login is successful
2022-09-16 16:59:48 INFO  Log:23 - =====================================LoginTest--end-- TEST END=========================================
2022-09-16 17:00:04 INFO  Log:19 - =====================================loginTest TEST START=========================================
2022-09-16 17:00:04 INFO  Log:30 - user is going to click on sign in
2022-09-16 17:00:05 INFO  Log:30 - enter username and password
2022-09-16 17:00:11 INFO  Log:30 - verify that user is able to login
2022-09-16 17:04:36 INFO  Log:19 - =====================================loginTest TEST START=========================================
2022-09-16 17:04:36 INFO  Log:30 - user is going to click on sign in
2022-09-16 17:04:36 INFO  Log:19 - =====================================loginTest TEST START=========================================
2022-09-16 17:04:36 INFO  Log:30 - user is going to click on sign in
2022-09-16 17:04:36 INFO  Log:30 - enter username and password
2022-09-16 17:04:36 INFO  Log:30 - enter username and password
2022-09-16 17:04:45 INFO  Log:30 - verify that user is able to login
2022-09-16 17:04:45 INFO  Log:30 - verify that user is able to login
2022-09-16 17:09:36 INFO  Log:19 - =====================================loginTest TEST START=========================================
2022-09-16 17:09:36 INFO  Log:30 - user is going to click on sign in
2022-09-16 17:09:59 INFO  Log:30 - enter username and password
2022-09-16 17:10:22 INFO  Log:30 - verify that user is able to login
2022-09-16 17:10:22 INFO  Log:30 - Login is successful
2022-09-16 17:10:22 INFO  Log:23 - =====================================LoginTest--end-- TEST END=========================================
2022-09-16 17:11:10 INFO  Log:19 - =====================================loginTest TEST START=========================================
2022-09-16 17:11:10 INFO  Log:30 - user is going to click on sign in
2022-09-16 17:11:14 INFO  Log:19 - =====================================loginTest TEST START=========================================
2022-09-16 17:11:14 INFO  Log:30 - user is going to click on sign in
2022-09-16 17:11:14 INFO  Log:30 - enter username and password
2022-09-16 17:11:14 INFO  Log:30 - enter username and password
2022-09-16 17:11:36 INFO  Log:30 - verify that user is able to login
2022-09-16 17:11:36 INFO  Log:30 - verify that user is able to login
2022-09-16 18:02:49 INFO  Log:19 - =====================================loginTest TEST START=========================================
2022-09-16 18:02:49 INFO  Log:30 - user is going to click on sign in
2022-09-16 18:02:53 INFO  Log:30 - enter username and password
2022-09-16 18:02:59 INFO  Log:30 - verify that user is able to login
2022-09-16 18:02:59 INFO  Log:30 - Login is successful
2022-09-16 18:02:59 INFO  Log:23 - =====================================LoginTest--end-- TEST END=========================================
2022-09-16 18:02:59 DEBUG cache:45 - Couldn't find template in cache for "v3html/v3-html-index.ftl"("en", UTF-8, parsed); will try to load it.
2022-09-16 18:02:59 DEBUG cache:45 - TemplateLoader.findTemplateSource("v3html/v3-html-index_en.ftl"): Not found
2022-09-16 18:02:59 DEBUG cache:45 - TemplateLoader.findTemplateSource("v3html/v3-html-index.ftl"): Found
2022-09-16 18:02:59 DEBUG cache:45 - Loading template for "v3html/v3-html-index.ftl"("en", UTF-8, parsed) from "jar:file:/C:/Users/harshak/.m2/repository/com/aventstack/extentreports/4.0.9/extentreports-4.0.9.jar!/com/aventstack/extentreports/view/v3html/v3-html-index.ftl"
2022-09-16 18:02:59 DEBUG cache:45 - Couldn't find template in cache for "v3html/v3-html-head.ftl"("en", UTF-8, parsed); will try to load it.
2022-09-16 18:02:59 DEBUG cache:45 - TemplateLoader.findTemplateSource("v3html/v3-html-head_en.ftl"): Not found
2022-09-16 18:02:59 DEBUG cache:45 - TemplateLoader.findTemplateSource("v3html/v3-html-head.ftl"): Found
2022-09-16 18:02:59 DEBUG cache:45 - Loading template for "v3html/v3-html-head.ftl"("en", UTF-8, parsed) from "jar:file:/C:/Users/harshak/.m2/repository/com/aventstack/extentreports/4.0.9/extentreports-4.0.9.jar!/com/aventstack/extentreports/view/v3html/v3-html-head.ftl"
2022-09-16 18:02:59 DEBUG cache:45 - Couldn't find template in cache for "v3html/v3-html-nav.ftl"("en", UTF-8, parsed); will try to load it.
2022-09-16 18:02:59 DEBUG cache:45 - TemplateLoader.findTemplateSource("v3html/v3-html-nav_en.ftl"): Not found
2022-09-16 18:02:59 DEBUG cache:45 - TemplateLoader.findTemplateSource("v3html/v3-html-nav.ftl"): Found
2022-09-16 18:02:59 DEBUG cache:45 - Loading template for "v3html/v3-html-nav.ftl"("en", UTF-8, parsed) from "jar:file:/C:/Users/harshak/.m2/repository/com/aventstack/extentreports/4.0.9/extentreports-4.0.9.jar!/com/aventstack/extentreports/view/v3html/v3-html-nav.ftl"
2022-09-16 18:02:59 DEBUG cache:45 - Couldn't find template in cache for "v3html/test-view/v3-html-test-view.ftl"("en", UTF-8, parsed); will try to load it.
2022-09-16 18:02:59 DEBUG cache:45 - TemplateLoader.findTemplateSource("v3html/test-view/v3-html-test-view_en.ftl"): Not found
2022-09-16 18:02:59 DEBUG cache:45 - TemplateLoader.findTemplateSource("v3html/test-view/v3-html-test-view.ftl"): Found
2022-09-16 18:02:59 DEBUG cache:45 - Loading template for "v3html/test-view/v3-html-test-view.ftl"("en", UTF-8, parsed) from "jar:file:/C:/Users/harshak/.m2/repository/com/aventstack/extentreports/4.0.9/extentreports-4.0.9.jar!/com/aventstack/extentreports/view/v3html/test-view/v3-html-test-view.ftl"
2022-09-16 18:02:59 DEBUG cache:45 - Couldn't find template in cache for "v3html/test-view/v3-html-test-view-charts.ftl"("en", UTF-8, parsed); will try to load it.
2022-09-16 18:02:59 DEBUG cache:45 - TemplateLoader.findTemplateSource("v3html/test-view/v3-html-test-view-charts_en.ftl"): Not found
2022-09-16 18:02:59 DEBUG cache:45 - TemplateLoader.findTemplateSource("v3html/test-view/v3-html-test-view-charts.ftl"): Found
2022-09-16 18:02:59 DEBUG cache:45 - Loading template for "v3html/test-view/v3-html-test-view-charts.ftl"("en", UTF-8, parsed) from "jar:file:/C:/Users/harshak/.m2/repository/com/aventstack/extentreports/4.0.9/extentreports-4.0.9.jar!/com/aventstack/extentreports/view/v3html/test-view/v3-html-test-view-charts.ftl"
2022-09-16 18:02:59 DEBUG cache:45 - Couldn't find template in cache for "v3html/test-view/v3-html-standard.ftl"("en", UTF-8, parsed); will try to load it.
2022-09-16 18:02:59 DEBUG cache:45 - TemplateLoader.findTemplateSource("v3html/test-view/v3-html-standard_en.ftl"): Not found
2022-09-16 18:02:59 DEBUG cache:45 - TemplateLoader.findTemplateSource("v3html/test-view/v3-html-standard.ftl"): Found
2022-09-16 18:02:59 DEBUG cache:45 - Loading template for "v3html/test-view/v3-html-standard.ftl"("en", UTF-8, parsed) from "jar:file:/C:/Users/harshak/.m2/repository/com/aventstack/extentreports/4.0.9/extentreports-4.0.9.jar!/com/aventstack/extentreports/view/v3html/test-view/v3-html-standard.ftl"
2022-09-16 18:02:59 DEBUG cache:45 - Couldn't find template in cache for "v3html/category-view/v3-html-category-view.ftl"("en", UTF-8, parsed); will try to load it.
2022-09-16 18:02:59 DEBUG cache:45 - TemplateLoader.findTemplateSource("v3html/category-view/v3-html-category-view_en.ftl"): Not found
2022-09-16 18:02:59 DEBUG cache:45 - TemplateLoader.findTemplateSource("v3html/category-view/v3-html-category-view.ftl"): Found
2022-09-16 18:02:59 DEBUG cache:45 - Loading template for "v3html/category-view/v3-html-category-view.ftl"("en", UTF-8, parsed) from "jar:file:/C:/Users/harshak/.m2/repository/com/aventstack/extentreports/4.0.9/extentreports-4.0.9.jar!/com/aventstack/extentreports/view/v3html/category-view/v3-html-category-view.ftl"
2022-09-16 18:02:59 DEBUG cache:45 - Couldn't find template in cache for "v3html/exception-view/v3-html-exception-view.ftl"("en", UTF-8, parsed); will try to load it.
2022-09-16 18:02:59 DEBUG cache:45 - TemplateLoader.findTemplateSource("v3html/exception-view/v3-html-exception-view_en.ftl"): Not found
2022-09-16 18:02:59 DEBUG cache:45 - TemplateLoader.findTemplateSource("v3html/exception-view/v3-html-exception-view.ftl"): Found
2022-09-16 18:02:59 DEBUG cache:45 - Loading template for "v3html/exception-view/v3-html-exception-view.ftl"("en", UTF-8, parsed) from "jar:file:/C:/Users/harshak/.m2/repository/com/aventstack/extentreports/4.0.9/extentreports-4.0.9.jar!/com/aventstack/extentreports/view/v3html/exception-view/v3-html-exception-view.ftl"
2022-09-16 18:02:59 DEBUG cache:45 - Couldn't find template in cache for "v3html/author-view/v3-html-author-view.ftl"("en", UTF-8, parsed); will try to load it.
2022-09-16 18:02:59 DEBUG cache:45 - TemplateLoader.findTemplateSource("v3html/author-view/v3-html-author-view_en.ftl"): Not found
2022-09-16 18:02:59 DEBUG cache:45 - TemplateLoader.findTemplateSource("v3html/author-view/v3-html-author-view.ftl"): Found
2022-09-16 18:02:59 DEBUG cache:45 - Loading template for "v3html/author-view/v3-html-author-view.ftl"("en", UTF-8, parsed) from "jar:file:/C:/Users/harshak/.m2/repository/com/aventstack/extentreports/4.0.9/extentreports-4.0.9.jar!/com/aventstack/extentreports/view/v3html/author-view/v3-html-author-view.ftl"
2022-09-16 18:02:59 DEBUG cache:45 - Couldn't find template in cache for "v3html/dashboard-view/v3-html-dashboard-view.ftl"("en", UTF-8, parsed); will try to load it.
2022-09-16 18:02:59 DEBUG cache:45 - TemplateLoader.findTemplateSource("v3html/dashboard-view/v3-html-dashboard-view_en.ftl"): Not found
2022-09-16 18:02:59 DEBUG cache:45 - TemplateLoader.findTemplateSource("v3html/dashboard-view/v3-html-dashboard-view.ftl"): Found
2022-09-16 18:02:59 DEBUG cache:45 - Loading template for "v3html/dashboard-view/v3-html-dashboard-view.ftl"("en", UTF-8, parsed) from "jar:file:/C:/Users/harshak/.m2/repository/com/aventstack/extentreports/4.0.9/extentreports-4.0.9.jar!/com/aventstack/extentreports/view/v3html/dashboard-view/v3-html-dashboard-view.ftl"
2022-09-16 18:02:59 DEBUG cache:45 - Couldn't find template in cache for "v3html/logs-view/v3-html-testrunner-logs-view.ftl"("en", UTF-8, parsed); will try to load it.
2022-09-16 18:02:59 DEBUG cache:45 - TemplateLoader.findTemplateSource("v3html/logs-view/v3-html-testrunner-logs-view_en.ftl"): Not found
2022-09-16 18:02:59 DEBUG cache:45 - TemplateLoader.findTemplateSource("v3html/logs-view/v3-html-testrunner-logs-view.ftl"): Found
2022-09-16 18:02:59 DEBUG cache:45 - Loading template for "v3html/logs-view/v3-html-testrunner-logs-view.ftl"("en", UTF-8, parsed) from "jar:file:/C:/Users/harshak/.m2/repository/com/aventstack/extentreports/4.0.9/extentreports-4.0.9.jar!/com/aventstack/extentreports/view/v3html/logs-view/v3-html-testrunner-logs-view.ftl"
